<?xml version="1.0" encoding="UTF-8"?>
<testsuite xmlns:xsi="http://www.w3.org/2001/XMLSchema-instance" xsi:noNamespaceSchemaLocation="https://maven.apache.org/surefire/maven-surefire-plugin/xsd/surefire-test-report.xsd" name="TestSuite" time="0.84" tests="1" errors="0" skipped="0" failures="1">
  <properties>
    <property name="gopherProxySet" value="false"/>
    <property name="awt.toolkit" value="sun.lwawt.macosx.LWCToolkit"/>
    <property name="java.specification.version" value="11"/>
    <property name="sun.cpu.isalist" value=""/>
    <property name="sun.jnu.encoding" value="UTF-8"/>
    <property name="java.class.path" value="/Users/naelmarwan/Documents/Assing/Britannica/BritannicaAssignment/target/test-classes:/Users/naelmarwan/Documents/Assing/Britannica/BritannicaAssignment/target/classes:/Users/naelmarwan/.m2/repository/org/seleniumhq/selenium/selenium-java/3.141.59/selenium-java-3.141.59.jar:/Users/naelmarwan/.m2/repository/org/seleniumhq/selenium/selenium-api/3.141.59/selenium-api-3.141.59.jar:/Users/naelmarwan/.m2/repository/org/seleniumhq/selenium/selenium-chrome-driver/3.141.59/selenium-chrome-driver-3.141.59.jar:/Users/naelmarwan/.m2/repository/org/seleniumhq/selenium/selenium-edge-driver/3.141.59/selenium-edge-driver-3.141.59.jar:/Users/naelmarwan/.m2/repository/org/seleniumhq/selenium/selenium-firefox-driver/3.141.59/selenium-firefox-driver-3.141.59.jar:/Users/naelmarwan/.m2/repository/org/seleniumhq/selenium/selenium-ie-driver/3.141.59/selenium-ie-driver-3.141.59.jar:/Users/naelmarwan/.m2/repository/org/seleniumhq/selenium/selenium-opera-driver/3.141.59/selenium-opera-driver-3.141.59.jar:/Users/naelmarwan/.m2/repository/org/seleniumhq/selenium/selenium-remote-driver/3.141.59/selenium-remote-driver-3.141.59.jar:/Users/naelmarwan/.m2/repository/org/seleniumhq/selenium/selenium-safari-driver/3.141.59/selenium-safari-driver-3.141.59.jar:/Users/naelmarwan/.m2/repository/org/seleniumhq/selenium/selenium-support/3.141.59/selenium-support-3.141.59.jar:/Users/naelmarwan/.m2/repository/net/bytebuddy/byte-buddy/1.8.15/byte-buddy-1.8.15.jar:/Users/naelmarwan/.m2/repository/org/apache/commons/commons-exec/1.3/commons-exec-1.3.jar:/Users/naelmarwan/.m2/repository/com/google/guava/guava/25.0-jre/guava-25.0-jre.jar:/Users/naelmarwan/.m2/repository/com/google/code/findbugs/jsr305/1.3.9/jsr305-1.3.9.jar:/Users/naelmarwan/.m2/repository/org/checkerframework/checker-compat-qual/2.0.0/checker-compat-qual-2.0.0.jar:/Users/naelmarwan/.m2/repository/com/google/errorprone/error_prone_annotations/2.1.3/error_prone_annotations-2.1.3.jar:/Users/naelmarwan/.m2/repository/com/google/j2objc/j2objc-annotations/1.1/j2objc-annotations-1.1.jar:/Users/naelmarwan/.m2/repository/org/codehaus/mojo/animal-sniffer-annotations/1.14/animal-sniffer-annotations-1.14.jar:/Users/naelmarwan/.m2/repository/com/squareup/okhttp3/okhttp/3.11.0/okhttp-3.11.0.jar:/Users/naelmarwan/.m2/repository/com/squareup/okio/okio/1.14.0/okio-1.14.0.jar:/Users/naelmarwan/.m2/repository/org/testng/testng/7.4.0/testng-7.4.0.jar:/Users/naelmarwan/.m2/repository/com/beust/jcommander/1.78/jcommander-1.78.jar:/Users/naelmarwan/.m2/repository/org/webjars/jquery/3.5.1/jquery-3.5.1.jar:/Users/naelmarwan/.m2/repository/org/apache/logging/log4j/log4j-api/2.13.3/log4j-api-2.13.3.jar:/Users/naelmarwan/.m2/repository/org/apache/logging/log4j/log4j-core/2.13.3/log4j-core-2.13.3.jar:/Users/naelmarwan/.m2/repository/com/aventstack/extentreports/5.0.8/extentreports-5.0.8.jar:/Users/naelmarwan/.m2/repository/io/reactivex/rxjava3/rxjava/3.0.4/rxjava-3.0.4.jar:/Users/naelmarwan/.m2/repository/org/reactivestreams/reactive-streams/1.0.3/reactive-streams-1.0.3.jar:/Users/naelmarwan/.m2/repository/org/freemarker/freemarker/2.3.30/freemarker-2.3.30.jar:/Users/naelmarwan/.m2/repository/org/projectlombok/lombok/1.18.12/lombok-1.18.12.jar:/Users/naelmarwan/.m2/repository/com/google/code/gson/gson/2.8.6/gson-2.8.6.jar:/Users/naelmarwan/.m2/repository/com/aventstack/extentreports-testng-adapter/1.2.2/extentreports-testng-adapter-1.2.2.jar:/Users/naelmarwan/.m2/repository/com/aventstack/klov-reporter/5.0.1/klov-reporter-5.0.1.jar:/Users/naelmarwan/.m2/repository/org/mongodb/bson/3.3.0/bson-3.3.0.jar:/Users/naelmarwan/.m2/repository/org/apache/httpcomponents/httpclient/4.5.2/httpclient-4.5.2.jar:/Users/naelmarwan/.m2/repository/org/apache/httpcomponents/httpcore/4.4.4/httpcore-4.4.4.jar:/Users/naelmarwan/.m2/repository/commons-logging/commons-logging/1.2/commons-logging-1.2.jar:/Users/naelmarwan/.m2/repository/commons-codec/commons-codec/1.9/commons-codec-1.9.jar:/Users/naelmarwan/.m2/repository/org/apache/httpcomponents/httpmime/4.5.2/httpmime-4.5.2.jar:/Users/naelmarwan/.m2/repository/org/mongodb/mongodb-driver/3.3.0/mongodb-driver-3.3.0.jar:/Users/naelmarwan/.m2/repository/org/mongodb/mongodb-driver-core/3.3.0/mongodb-driver-core-3.3.0.jar:/Users/naelmarwan/.m2/repository/tech/grasshopper/extentreports-cucumber6-adapter/1.1.0/extentreports-cucumber6-adapter-1.1.0.jar:/Users/naelmarwan/.m2/repository/commons-io/commons-io/2.7/commons-io-2.7.jar:/Users/naelmarwan/.m2/repository/io/cucumber/cucumber-java/6.10.4/cucumber-java-6.10.4.jar:/Users/naelmarwan/.m2/repository/io/cucumber/cucumber-core/6.10.4/cucumber-core-6.10.4.jar:/Users/naelmarwan/.m2/repository/io/cucumber/cucumber-gherkin/6.10.4/cucumber-gherkin-6.10.4.jar:/Users/naelmarwan/.m2/repository/io/cucumber/cucumber-gherkin-messages/6.10.4/cucumber-gherkin-messages-6.10.4.jar:/Users/naelmarwan/.m2/repository/io/cucumber/messages/15.0.0/messages-15.0.0.jar:/Users/naelmarwan/.m2/repository/io/cucumber/tag-expressions/3.0.1/tag-expressions-3.0.1.jar:/Users/naelmarwan/.m2/repository/io/cucumber/cucumber-expressions/10.3.0/cucumber-expressions-10.3.0.jar:/Users/naelmarwan/.m2/repository/io/cucumber/datatable/3.5.0/datatable-3.5.0.jar:/Users/naelmarwan/.m2/repository/io/cucumber/cucumber-plugin/6.10.4/cucumber-plugin-6.10.4.jar:/Users/naelmarwan/.m2/repository/io/cucumber/docstring/6.10.4/docstring-6.10.4.jar:/Users/naelmarwan/.m2/repository/io/cucumber/html-formatter/13.0.0/html-formatter-13.0.0.jar:/Users/naelmarwan/.m2/repository/io/cucumber/create-meta/4.0.0/create-meta-4.0.0.jar:/Users/naelmarwan/.m2/repository/org/apiguardian/apiguardian-api/1.1.1/apiguardian-api-1.1.1.jar:/Users/naelmarwan/.m2/repository/io/cucumber/cucumber-testng/6.10.4/cucumber-testng-6.10.4.jar:"/>
    <property name="java.vm.vendor" value="Oracle Corporation"/>
    <property name="sun.arch.data.model" value="64"/>
    <property name="java.vendor.url" value="https://openjdk.java.net/"/>
    <property name="user.timezone" value=""/>
    <property name="java.vm.specification.version" value="11"/>
    <property name="os.name" value="Mac OS X"/>
    <property name="sun.java.launcher" value="SUN_STANDARD"/>
    <property name="user.country" value="IL"/>
    <property name="sun.boot.library.path" value="/Library/Java/JavaVirtualMachines/jdk-11.0.10.jdk/Contents/Home/lib"/>
    <property name="sun.java.command" value="/Users/naelmarwan/Documents/Assing/Britannica/BritannicaAssignment/target/surefire/surefirebooter5926942571254465707.jar /Users/naelmarwan/Documents/Assing/Britannica/BritannicaAssignment/target/surefire 2021-07-20T22-56-44_905-jvmRun1 surefire9421512047762051734tmp surefire_05435167021164961861tmp"/>
    <property name="jdk.debug" value="release"/>
    <property name="surefire.test.class.path" value="/Users/naelmarwan/Documents/Assing/Britannica/BritannicaAssignment/target/test-classes:/Users/naelmarwan/Documents/Assing/Britannica/BritannicaAssignment/target/classes:/Users/naelmarwan/.m2/repository/org/seleniumhq/selenium/selenium-java/3.141.59/selenium-java-3.141.59.jar:/Users/naelmarwan/.m2/repository/org/seleniumhq/selenium/selenium-api/3.141.59/selenium-api-3.141.59.jar:/Users/naelmarwan/.m2/repository/org/seleniumhq/selenium/selenium-chrome-driver/3.141.59/selenium-chrome-driver-3.141.59.jar:/Users/naelmarwan/.m2/repository/org/seleniumhq/selenium/selenium-edge-driver/3.141.59/selenium-edge-driver-3.141.59.jar:/Users/naelmarwan/.m2/repository/org/seleniumhq/selenium/selenium-firefox-driver/3.141.59/selenium-firefox-driver-3.141.59.jar:/Users/naelmarwan/.m2/repository/org/seleniumhq/selenium/selenium-ie-driver/3.141.59/selenium-ie-driver-3.141.59.jar:/Users/naelmarwan/.m2/repository/org/seleniumhq/selenium/selenium-opera-driver/3.141.59/selenium-opera-driver-3.141.59.jar:/Users/naelmarwan/.m2/repository/org/seleniumhq/selenium/selenium-remote-driver/3.141.59/selenium-remote-driver-3.141.59.jar:/Users/naelmarwan/.m2/repository/org/seleniumhq/selenium/selenium-safari-driver/3.141.59/selenium-safari-driver-3.141.59.jar:/Users/naelmarwan/.m2/repository/org/seleniumhq/selenium/selenium-support/3.141.59/selenium-support-3.141.59.jar:/Users/naelmarwan/.m2/repository/net/bytebuddy/byte-buddy/1.8.15/byte-buddy-1.8.15.jar:/Users/naelmarwan/.m2/repository/org/apache/commons/commons-exec/1.3/commons-exec-1.3.jar:/Users/naelmarwan/.m2/repository/com/google/guava/guava/25.0-jre/guava-25.0-jre.jar:/Users/naelmarwan/.m2/repository/com/google/code/findbugs/jsr305/1.3.9/jsr305-1.3.9.jar:/Users/naelmarwan/.m2/repository/org/checkerframework/checker-compat-qual/2.0.0/checker-compat-qual-2.0.0.jar:/Users/naelmarwan/.m2/repository/com/google/errorprone/error_prone_annotations/2.1.3/error_prone_annotations-2.1.3.jar:/Users/naelmarwan/.m2/repository/com/google/j2objc/j2objc-annotations/1.1/j2objc-annotations-1.1.jar:/Users/naelmarwan/.m2/repository/org/codehaus/mojo/animal-sniffer-annotations/1.14/animal-sniffer-annotations-1.14.jar:/Users/naelmarwan/.m2/repository/com/squareup/okhttp3/okhttp/3.11.0/okhttp-3.11.0.jar:/Users/naelmarwan/.m2/repository/com/squareup/okio/okio/1.14.0/okio-1.14.0.jar:/Users/naelmarwan/.m2/repository/org/testng/testng/7.4.0/testng-7.4.0.jar:/Users/naelmarwan/.m2/repository/com/beust/jcommander/1.78/jcommander-1.78.jar:/Users/naelmarwan/.m2/repository/org/webjars/jquery/3.5.1/jquery-3.5.1.jar:/Users/naelmarwan/.m2/repository/org/apache/logging/log4j/log4j-api/2.13.3/log4j-api-2.13.3.jar:/Users/naelmarwan/.m2/repository/org/apache/logging/log4j/log4j-core/2.13.3/log4j-core-2.13.3.jar:/Users/naelmarwan/.m2/repository/com/aventstack/extentreports/5.0.8/extentreports-5.0.8.jar:/Users/naelmarwan/.m2/repository/io/reactivex/rxjava3/rxjava/3.0.4/rxjava-3.0.4.jar:/Users/naelmarwan/.m2/repository/org/reactivestreams/reactive-streams/1.0.3/reactive-streams-1.0.3.jar:/Users/naelmarwan/.m2/repository/org/freemarker/freemarker/2.3.30/freemarker-2.3.30.jar:/Users/naelmarwan/.m2/repository/org/projectlombok/lombok/1.18.12/lombok-1.18.12.jar:/Users/naelmarwan/.m2/repository/com/google/code/gson/gson/2.8.6/gson-2.8.6.jar:/Users/naelmarwan/.m2/repository/com/aventstack/extentreports-testng-adapter/1.2.2/extentreports-testng-adapter-1.2.2.jar:/Users/naelmarwan/.m2/repository/com/aventstack/klov-reporter/5.0.1/klov-reporter-5.0.1.jar:/Users/naelmarwan/.m2/repository/org/mongodb/bson/3.3.0/bson-3.3.0.jar:/Users/naelmarwan/.m2/repository/org/apache/httpcomponents/httpclient/4.5.2/httpclient-4.5.2.jar:/Users/naelmarwan/.m2/repository/org/apache/httpcomponents/httpcore/4.4.4/httpcore-4.4.4.jar:/Users/naelmarwan/.m2/repository/commons-logging/commons-logging/1.2/commons-logging-1.2.jar:/Users/naelmarwan/.m2/repository/commons-codec/commons-codec/1.9/commons-codec-1.9.jar:/Users/naelmarwan/.m2/repository/org/apache/httpcomponents/httpmime/4.5.2/httpmime-4.5.2.jar:/Users/naelmarwan/.m2/repository/org/mongodb/mongodb-driver/3.3.0/mongodb-driver-3.3.0.jar:/Users/naelmarwan/.m2/repository/org/mongodb/mongodb-driver-core/3.3.0/mongodb-driver-core-3.3.0.jar:/Users/naelmarwan/.m2/repository/tech/grasshopper/extentreports-cucumber6-adapter/1.1.0/extentreports-cucumber6-adapter-1.1.0.jar:/Users/naelmarwan/.m2/repository/commons-io/commons-io/2.7/commons-io-2.7.jar:/Users/naelmarwan/.m2/repository/io/cucumber/cucumber-java/6.10.4/cucumber-java-6.10.4.jar:/Users/naelmarwan/.m2/repository/io/cucumber/cucumber-core/6.10.4/cucumber-core-6.10.4.jar:/Users/naelmarwan/.m2/repository/io/cucumber/cucumber-gherkin/6.10.4/cucumber-gherkin-6.10.4.jar:/Users/naelmarwan/.m2/repository/io/cucumber/cucumber-gherkin-messages/6.10.4/cucumber-gherkin-messages-6.10.4.jar:/Users/naelmarwan/.m2/repository/io/cucumber/messages/15.0.0/messages-15.0.0.jar:/Users/naelmarwan/.m2/repository/io/cucumber/tag-expressions/3.0.1/tag-expressions-3.0.1.jar:/Users/naelmarwan/.m2/repository/io/cucumber/cucumber-expressions/10.3.0/cucumber-expressions-10.3.0.jar:/Users/naelmarwan/.m2/repository/io/cucumber/datatable/3.5.0/datatable-3.5.0.jar:/Users/naelmarwan/.m2/repository/io/cucumber/cucumber-plugin/6.10.4/cucumber-plugin-6.10.4.jar:/Users/naelmarwan/.m2/repository/io/cucumber/docstring/6.10.4/docstring-6.10.4.jar:/Users/naelmarwan/.m2/repository/io/cucumber/html-formatter/13.0.0/html-formatter-13.0.0.jar:/Users/naelmarwan/.m2/repository/io/cucumber/create-meta/4.0.0/create-meta-4.0.0.jar:/Users/naelmarwan/.m2/repository/org/apiguardian/apiguardian-api/1.1.1/apiguardian-api-1.1.1.jar:/Users/naelmarwan/.m2/repository/io/cucumber/cucumber-testng/6.10.4/cucumber-testng-6.10.4.jar:"/>
    <property name="sun.cpu.endian" value="little"/>
    <property name="user.home" value="/Users/naelmarwan"/>
    <property name="user.language" value="en"/>
    <property name="java.specification.vendor" value="Oracle Corporation"/>
    <property name="java.version.date" value="2021-01-19"/>
    <property name="java.home" value="/Library/Java/JavaVirtualMachines/jdk-11.0.10.jdk/Contents/Home"/>
    <property name="file.separator" value="/"/>
    <property name="basedir" value="/Users/naelmarwan/Documents/Assing/Britannica/BritannicaAssignment"/>
    <property name="java.vm.compressedOopsMode" value="Zero based"/>
    <property name="line.separator" value="&#10;"/>
    <property name="java.specification.name" value="Java Platform API Specification"/>
    <property name="java.vm.specification.vendor" value="Oracle Corporation"/>
    <property name="java.awt.graphicsenv" value="sun.awt.CGraphicsEnvironment"/>
    <property name="surefire.real.class.path" value="/Users/naelmarwan/Documents/Assing/Britannica/BritannicaAssignment/target/surefire/surefirebooter5926942571254465707.jar"/>
    <property name="sun.management.compiler" value="HotSpot 64-Bit Tiered Compilers"/>
    <property name="java.runtime.version" value="11.0.10+8-LTS-162"/>
    <property name="user.name" value="naelmarwan"/>
    <property name="path.separator" value=":"/>
    <property name="os.version" value="10.15.7"/>
    <property name="java.runtime.name" value="Java(TM) SE Runtime Environment"/>
    <property name="file.encoding" value="utf-8"/>
    <property name="java.vm.name" value="Java HotSpot(TM) 64-Bit Server VM"/>
    <property name="java.vendor.version" value="18.9"/>
    <property name="localRepository" value="/Users/naelmarwan/.m2/repository"/>
    <property name="java.vendor.url.bug" value="https://bugreport.java.com/bugreport/"/>
    <property name="java.io.tmpdir" value="/var/folders/1d/n0wwvscs35gbk02p3_h29g3w0000gn/T/"/>
    <property name="idea.version" value="2020.3.2"/>
    <property name="java.version" value="11.0.10"/>
    <property name="user.dir" value="/Users/naelmarwan/Documents/Assing/Britannica/BritannicaAssignment"/>
    <property name="os.arch" value="x86_64"/>
    <property name="java.vm.specification.name" value="Java Virtual Machine Specification"/>
    <property name="java.awt.printerjob" value="sun.lwawt.macosx.CPrinterJob"/>
    <property name="sun.os.patch.level" value="unknown"/>
    <property name="java.library.path" value="/Users/naelmarwan/Library/Java/Extensions:/Library/Java/Extensions:/Network/Library/Java/Extensions:/System/Library/Java/Extensions:/usr/lib/java:."/>
    <property name="java.vendor" value="Oracle Corporation"/>
    <property name="java.vm.info" value="mixed mode"/>
    <property name="java.vm.version" value="11.0.10+8-LTS-162"/>
    <property name="sun.io.unicode.encoding" value="UnicodeBig"/>
    <property name="java.class.version" value="55.0"/>
  </properties>
  <testcase name="runScenario" classname="com.launcher.SOLID_BritannicaTestScenarioLauncher" time="0.119">
    <failure message="com.aventstack.extentreports.model.Test.getLogContext()Lcom/aventstack/extentreports/model/AbstractStructure;" type="java.lang.NoSuchMethodError">java.lang.NoSuchMethodError: com.aventstack.extentreports.model.Test.getLogContext()Lcom/aventstack/extentreports/model/AbstractStructure;
</failure>
    <system-out><![CDATA[
Scenario: Britannica Test Scenario                                                                             &amp#27;[90m# src/test/features/BritannicaTestScenario.feature:6&amp#27;[0m
]]></system-out>
  </testcase>
</testsuite>