<?xml version="1.0" encoding="UTF-8"?>
<!-- Generated by org.testng.reporters.JUnitReportReporter -->
<testsuite hostname="Naels-MacBook-Pro.local" failures="0" tests="1" name="com.launcher.SOLID_BritannicaTestScenarioLauncher" time="0.115" errors="1" timestamp="2021-07-20T22:56:47 IDT" skipped="0">
  <testcase classname="com.launcher.SOLID_BritannicaTestScenarioLauncher" name="runScenario" time="0.115">
    <error message="com.aventstack.extentreports.model.Test.getLogContext()Lcom/aventstack/extentreports/model/AbstractStructure;" type="java.lang.NoSuchMethodError">
      <![CDATA[java.lang.NoSuchMethodError: com.aventstack.extentreports.model.Test.getLogContext()Lcom/aventstack/extentreports/model/AbstractStructure;
at com.aventstack.extentreports.cucumber.adapter.ExtentCucumberAdapter.updateResult(ExtentCucumberAdapter.java:224)
at com.aventstack.extentreports.cucumber.adapter.ExtentCucumberAdapter.handleTestStepFinished(ExtentCucumberAdapter.java:191)
at com.aventstack.extentreports.cucumber.adapter.ExtentCucumberAdapter.access$3(ExtentCucumberAdapter.java:190)
at com.aventstack.extentreports.cucumber.adapter.ExtentCucumberAdapter$5.receive(ExtentCucumberAdapter.java:118)
at com.aventstack.extentreports.cucumber.adapter.ExtentCucumberAdapter$5.receive(ExtentCucumberAdapter.java:1)
at io.cucumber.core.eventbus.AbstractEventPublisher.send(AbstractEventPublisher.java:51)
at io.cucumber.core.eventbus.AbstractEventBus.send(AbstractEventBus.java:12)
at io.cucumber.core.runtime.SynchronizedEventBus.send(SynchronizedEventBus.java:47)
at io.cucumber.core.runtime.ThreadLocalRunnerSupplier$LocalEventBus.send(ThreadLocalRunnerSupplier.java:66)
at io.cucumber.core.runner.TestStep.emitTestStepFinished(TestStep.java:124)
at io.cucumber.core.runner.TestStep.run(TestStep.java:74)
at io.cucumber.core.runner.TestCase.run(TestCase.java:98)
at io.cucumber.core.runner.Runner.runPickle(Runner.java:73)
at io.cucumber.testng.TestNGCucumberRunner.lambda$runScenario$0(TestNGCucumberRunner.java:117)
at io.cucumber.core.runtime.CucumberExecutionContext.runTestCase(CucumberExecutionContext.java:117)
at io.cucumber.testng.TestNGCucumberRunner.runScenario(TestNGCucumberRunner.java:114)
at io.cucumber.testng.AbstractTestNGCucumberTests.runScenario(AbstractTestNGCucumberTests.java:31)
at java.base/jdk.internal.reflect.NativeMethodAccessorImpl.invoke0(Native Method)
at java.base/jdk.internal.reflect.NativeMethodAccessorImpl.invoke(NativeMethodAccessorImpl.java:62)
at java.base/jdk.internal.reflect.DelegatingMethodAccessorImpl.invoke(DelegatingMethodAccessorImpl.java:43)
at java.base/java.lang.reflect.Method.invoke(Method.java:566)
at org.testng.internal.MethodInvocationHelper.invokeMethod(MethodInvocationHelper.java:133)
at org.testng.internal.TestInvoker.invokeMethod(TestInvoker.java:598)
at org.testng.internal.TestInvoker.invokeTestMethod(TestInvoker.java:173)
at org.testng.internal.MethodRunner.runInSequence(MethodRunner.java:46)
at org.testng.internal.TestInvoker$MethodInvocationAgent.invoke(TestInvoker.java:824)
at org.testng.internal.TestInvoker.invokeTestMethods(TestInvoker.java:146)
at org.testng.internal.TestMethodWorker.invokeTestMethods(TestMethodWorker.java:146)
at org.testng.internal.TestMethodWorker.run(TestMethodWorker.java:128)
at java.base/java.util.concurrent.ThreadPoolExecutor.runWorker(ThreadPoolExecutor.java:1128)
at java.base/java.util.concurrent.ThreadPoolExecutor$Worker.run(ThreadPoolExecutor.java:628)
at java.base/java.lang.Thread.run(Thread.java:834)
]]>
    </error>
  </testcase> <!-- runScenario -->
  <system-out/>
</testsuite> <!-- com.launcher.SOLID_BritannicaTestScenarioLauncher -->
